<?xml version="1.0" encoding="UTF-8"?>
<testsuite name="interop-admin-tests" tests="18" failures="0">
  <testcase classname="interop-admin-tests" name="perl_ping">
    <system-out>{&quot;now&quot;:&quot;2025-11-01T21:50:10+0000&quot;,&quot;ok&quot;:1}</system-out>
  </testcase>
  <testcase classname="interop-admin-tests" name="java_ping">
    <system-out>{&quot;now&quot;:&quot;2025-11-01T21:50:10.390202239Z&quot;,&quot;ok&quot;:1}</system-out>
  </testcase>
  <testcase classname="interop-admin-tests" name="perl_list">
    <system-out>[{&quot;updatedAt&quot;:&quot;2025-11-01 11:35:47.225826+00&quot;,&quot;createdAt&quot;:&quot;2025-11-01 11:35:47.225826+00&quot;,&quot;url&quot;:&quot;https://api.example.org/remiss&quot;,&quot;interoperabilitySpecificationId&quot;:&quot;remissV1&quot;,&quot;apiStandard&quot;:&quot;REST&quot;,&quot;signature&quot;:&quot;sig1&quot;,&quot;organization&quot;:{&quot;id&quot;:&quot;ORG-1&quot;,&quot;name&quot;:&quot;Organisation 1&quot;},&quot;id&quot;:&quot;sample-1&quot;,&quot;accessModel&quot;:{&quot;metadataUrl&quot;:&quot;https://auth.example.org/.well-known&quot;,&quot;type&quot;:&quot;oauth2&quot;},&quot;status&quot;:&quot;active&quot;,&quot;logicalAddress&quot;:&quot;SE1611&quot;}]</system-out>
  </testcase>
  <testcase classname="interop-admin-tests" name="java_list">
    <system-out>[{&quot;id&quot;:&quot;sample-1&quot;,&quot;logicalAddress&quot;:&quot;SE1611&quot;,&quot;organizationId&quot;:&quot;ORG-1&quot;,&quot;organizationName&quot;:&quot;Organisation 1&quot;,&quot;interoperabilitySpecificationId&quot;:&quot;remissV1&quot;,&quot;apiStandard&quot;:&quot;REST&quot;,&quot;url&quot;:&quot;https://api.example.org/remiss&quot;,&quot;status&quot;:&quot;active&quot;,&quot;accessModelType&quot;:&quot;oauth2&quot;,&quot;accessModelMetadataUrl&quot;:&quot;https://auth.example.org/.well-known&quot;,&quot;signature&quot;:&quot;sig1&quot;,&quot;createdAt&quot;:&quot;2025-11-01T11:35:47.225826Z&quot;,&quot;updatedAt&quot;:&quot;2025-11-01T11:35:47.225826Z&quot;}]</system-out>
  </testcase>
  <testcase classname="interop-admin-tests" name="perl_create">
  </testcase>
  <testcase classname="interop-admin-tests" name="perl_created_id">
  </testcase>
  <testcase classname="interop-admin-tests" name="perl_get_after_create">
    <system-out>{&quot;updatedAt&quot;:&quot;2025-11-01 21:50:10+00&quot;,&quot;createdAt&quot;:&quot;2025-11-01 21:50:10+00&quot;,&quot;signature&quot;:&quot;sig-1-qh5knz&quot;,&quot;organization&quot;:{&quot;name&quot;:&quot;Org One&quot;,&quot;id&quot;:&quot;org1-qh5knz&quot;},&quot;id&quot;:&quot;052293b1-8831-40f7-a2a2-59a7dfe4c494&quot;,&quot;interoperabilitySpecificationId&quot;:&quot;testSpec&quot;,&quot;url&quot;:&quot;https://example.com/qh5knz&quot;,&quot;apiStandard&quot;:&quot;testStandard&quot;,&quot;status&quot;:&quot;active&quot;,&quot;accessModel&quot;:{&quot;type&quot;:&quot;open&quot;,&quot;metadataUrl&quot;:&quot;https://example.com/meta&quot;},&quot;logicalAddress&quot;:&quot;TEST-ADDR&quot;}</system-out>
  </testcase>
  <testcase classname="interop-admin-tests" name="perl_update">
    <system-out>{&quot;ok&quot;:1}</system-out>
  </testcase>
  <testcase classname="interop-admin-tests" name="perl_get_after_update">
    <system-out>{&quot;signature&quot;:&quot;sig-1-qh5knz&quot;,&quot;id&quot;:&quot;052293b1-8831-40f7-a2a2-59a7dfe4c494&quot;,&quot;organization&quot;:{&quot;id&quot;:&quot;org1-qh5knz&quot;,&quot;name&quot;:&quot;Org One Updated&quot;},&quot;apiStandard&quot;:&quot;testStandard&quot;,&quot;url&quot;:&quot;https://example.com/qh5knz&quot;,&quot;interoperabilitySpecificationId&quot;:&quot;testSpec&quot;,&quot;createdAt&quot;:&quot;2025-11-01 21:50:10+00&quot;,&quot;updatedAt&quot;:&quot;2025-11-01 21:50:10+00&quot;,&quot;logicalAddress&quot;:&quot;TEST-ADDR&quot;,&quot;status&quot;:&quot;updated&quot;,&quot;accessModel&quot;:{&quot;metadataUrl&quot;:&quot;https://example.com/meta&quot;,&quot;type&quot;:&quot;open&quot;}}</system-out>
  </testcase>
  <testcase classname="interop-admin-tests" name="perl_delete">
  </testcase>
  <testcase classname="interop-admin-tests" name="perl_get_after_delete">
    <system-out>{&quot;error&quot;:&quot;Not found&quot;}</system-out>
  </testcase>
  <testcase classname="interop-admin-tests" name="java_create">
  </testcase>
  <testcase classname="interop-admin-tests" name="java_created_id">
  </testcase>
  <testcase classname="interop-admin-tests" name="java_get_after_create">
    <system-out>{&quot;id&quot;:&quot;80ad4911-8c51-46a8-8961-52319b3ac4b3&quot;,&quot;logicalAddress&quot;:&quot;TEST-ADDR&quot;,&quot;organizationId&quot;:&quot;org1&quot;,&quot;organizationName&quot;:&quot;Org One&quot;,&quot;interoperabilitySpecificationId&quot;:&quot;testSpec&quot;,&quot;apiStandard&quot;:&quot;testStandard&quot;,&quot;url&quot;:&quot;https://example.com/xez3oz&quot;,&quot;status&quot;:&quot;active&quot;,&quot;accessModelType&quot;:&quot;open&quot;,&quot;accessModelMetadataUrl&quot;:&quot;https://example.com/meta&quot;,&quot;signature&quot;:&quot;sig-1-xez3oz&quot;,&quot;createdAt&quot;:&quot;2025-11-01T21:50:10.697844Z&quot;,&quot;updatedAt&quot;:&quot;2025-11-01T21:50:10.697852Z&quot;}</system-out>
  </testcase>
  <testcase classname="interop-admin-tests" name="java_update">
  </testcase>
  <testcase classname="interop-admin-tests" name="java_get_after_update">
    <system-out>{&quot;id&quot;:&quot;80ad4911-8c51-46a8-8961-52319b3ac4b3&quot;,&quot;logicalAddress&quot;:&quot;TEST-ADDR&quot;,&quot;organizationId&quot;:&quot;org1&quot;,&quot;organizationName&quot;:&quot;Org One Updated&quot;,&quot;interoperabilitySpecificationId&quot;:&quot;testSpec&quot;,&quot;apiStandard&quot;:&quot;testStandard&quot;,&quot;url&quot;:&quot;https://example.com/xez3oz&quot;,&quot;status&quot;:&quot;updated&quot;,&quot;accessModelType&quot;:&quot;open&quot;,&quot;accessModelMetadataUrl&quot;:&quot;https://example.com/meta&quot;,&quot;signature&quot;:&quot;sig-1-xez3oz&quot;,&quot;createdAt&quot;:null,&quot;updatedAt&quot;:&quot;2025-11-01T21:50:10.75939Z&quot;}</system-out>
  </testcase>
  <testcase classname="interop-admin-tests" name="java_delete">
  </testcase>
  <testcase classname="interop-admin-tests" name="java_get_after_delete">
  </testcase>
</testsuite>
